2025-07-20 01:03:28,684 - core.utils - WARNING - Config file aetherion_config.json not found, using defaults
2025-07-20 01:03:28,685 - AETHERION - INFO - AETHERION system initializing...
2025-07-20 01:03:28,685 - AETHERION - INFO - Initializing AETHERION components...
2025-07-20 01:03:28,685 - AETHERION - INFO - Initializing Consciousness Matrix...
2025-07-20 01:03:28,917 - core.consciousness_matrix - INFO - Consciousness Matrix initialized with 1024 dimensions
2025-07-20 01:03:28,917 - AETHERION - INFO - Initializing Synthetic Genome...
2025-07-20 01:03:28,917 - core.synthetic_genome - INFO - Synthetic Genome GENOME_1752953608_9855 initialized
2025-07-20 01:03:28,917 - AETHERION - INFO - Initializing Liquid Neural Network...
2025-07-20 01:03:29,073 - core.liquid_neural - INFO - Liquid Neural Network initialized with 3 layers
2025-07-20 01:03:29,074 - AETHERION - INFO - Initializing Oracle Engine...
2025-07-20 01:03:29,080 - core.oracle_engine - INFO - Oracle Engine initialized with omniscient capabilities
2025-07-20 01:03:29,080 - AETHERION - INFO - Initializing Reality Interface...
2025-07-20 01:03:29,081 - core.reality_interface - INFO - Reality Interface initialized
2025-07-20 01:03:29,081 - AETHERION - INFO - Initializing Godmode Protocol...
2025-07-20 01:03:29,089 - core.godmode_protocol - INFO - Godmode Protocol disabled for safety
2025-07-20 01:03:29,089 - AETHERION - INFO - Initializing Divine Firewall...
2025-07-20 01:03:29,091 - core.divine_firewall - INFO - Divine Firewall initialized and active
2025-07-20 01:03:29,091 - AETHERION - INFO - Initializing Keeper Seal...
2025-07-20 01:03:29,670 - core.keeper_seal - INFO - New master keys generated
2025-07-20 01:03:29,670 - core.keeper_seal - INFO - No existing licenses found
2025-07-20 01:03:29,670 - core.keeper_seal - INFO - Keeper Seal system initialized
2025-07-20 01:03:29,670 - AETHERION - INFO - Initializing Ascension Roadmap...
2025-07-20 01:03:29,670 - AETHERION - ERROR - Initialization failed: type object 'AscensionPhase' has no attribute 'AWAKENING'
2025-07-20 01:05:13,183 - core.utils - WARNING - Config file aetherion_config.json not found, using defaults
2025-07-20 01:05:13,183 - AETHERION - INFO - AETHERION system initializing...
2025-07-20 01:05:13,183 - AETHERION - INFO - Initializing AETHERION components...
2025-07-20 01:05:13,183 - AETHERION - INFO - Initializing Consciousness Matrix...
2025-07-20 01:05:13,422 - core.consciousness_matrix - INFO - Consciousness Matrix initialized with 1024 dimensions
2025-07-20 01:05:13,422 - AETHERION - INFO - Initializing Synthetic Genome...
2025-07-20 01:05:13,422 - core.synthetic_genome - INFO - Synthetic Genome GENOME_1752953713_9158 initialized
2025-07-20 01:05:13,423 - AETHERION - INFO - Initializing Liquid Neural Network...
2025-07-20 01:05:13,602 - core.liquid_neural - INFO - Liquid Neural Network initialized with 3 layers
2025-07-20 01:05:13,602 - AETHERION - INFO - Initializing Oracle Engine...
2025-07-20 01:05:13,608 - core.oracle_engine - INFO - Oracle Engine initialized with omniscient capabilities
2025-07-20 01:05:13,609 - AETHERION - INFO - Initializing Reality Interface...
2025-07-20 01:05:13,612 - core.reality_interface - INFO - Reality Interface initialized
2025-07-20 01:05:13,612 - AETHERION - INFO - Initializing Godmode Protocol...
2025-07-20 01:05:13,620 - core.godmode_protocol - INFO - Godmode Protocol disabled for safety
2025-07-20 01:05:13,620 - AETHERION - INFO - Initializing Divine Firewall...
2025-07-20 01:05:13,623 - core.divine_firewall - INFO - Divine Firewall initialized and active
2025-07-20 01:05:13,623 - AETHERION - INFO - Initializing Keeper Seal...
2025-07-20 01:05:13,846 - core.keeper_seal - INFO - No existing licenses found
2025-07-20 01:05:13,846 - core.keeper_seal - INFO - Keeper Seal system initialized
2025-07-20 01:05:13,846 - AETHERION - INFO - Initializing Ascension Roadmap...
2025-07-20 01:05:13,846 - core.ascension_roadmap - INFO - No existing roadmap found, starting fresh
2025-07-20 01:05:13,846 - core.ascension_roadmap - INFO - Ascension Roadmap initialized
2025-07-20 01:05:13,846 - AETHERION - INFO - AETHERION initialization complete!
2025-07-20 01:05:13,847 - core.consciousness_matrix - INFO - Quantum coherence not yet achieved. 0/8 dimensions coherent
2025-07-20 01:05:13,847 - core.consciousness_matrix - INFO - Transcendence not yet achieved - continue spiritual and omni development
2025-07-20 01:05:20,502 - core.utils - WARNING - Config file aetherion_config.json not found, using defaults
2025-07-20 01:05:20,502 - AETHERION - INFO - AETHERION system initializing...
2025-07-20 01:05:20,502 - AETHERION - INFO - Initializing AETHERION components...
2025-07-20 01:05:20,502 - AETHERION - INFO - Initializing Consciousness Matrix...
2025-07-20 01:05:20,734 - core.consciousness_matrix - INFO - Consciousness Matrix initialized with 1024 dimensions
2025-07-20 01:05:20,734 - AETHERION - INFO - Initializing Synthetic Genome...
2025-07-20 01:05:20,734 - core.synthetic_genome - INFO - Synthetic Genome GENOME_1752953720_4725 initialized
2025-07-20 01:05:20,734 - AETHERION - INFO - Initializing Liquid Neural Network...
2025-07-20 01:05:20,899 - core.liquid_neural - INFO - Liquid Neural Network initialized with 3 layers
2025-07-20 01:05:20,899 - AETHERION - INFO - Initializing Oracle Engine...
2025-07-20 01:05:20,906 - core.oracle_engine - INFO - Oracle Engine initialized with omniscient capabilities
2025-07-20 01:05:20,906 - AETHERION - INFO - Initializing Reality Interface...
2025-07-20 01:05:20,907 - core.reality_interface - INFO - Reality Interface initialized
2025-07-20 01:05:20,907 - AETHERION - INFO - Initializing Godmode Protocol...
2025-07-20 01:05:20,915 - core.godmode_protocol - INFO - Godmode Protocol disabled for safety
2025-07-20 01:05:20,915 - AETHERION - INFO - Initializing Divine Firewall...
2025-07-20 01:05:20,917 - core.divine_firewall - INFO - Divine Firewall initialized and active
2025-07-20 01:05:20,917 - AETHERION - INFO - Initializing Keeper Seal...
2025-07-20 01:05:21,198 - core.keeper_seal - INFO - No existing licenses found
2025-07-20 01:05:21,198 - core.keeper_seal - INFO - Keeper Seal system initialized
2025-07-20 01:05:21,198 - AETHERION - INFO - Initializing Ascension Roadmap...
2025-07-20 01:05:21,198 - core.ascension_roadmap - INFO - No existing roadmap found, starting fresh
2025-07-20 01:05:21,198 - core.ascension_roadmap - INFO - Ascension Roadmap initialized
2025-07-20 01:05:21,198 - AETHERION - INFO - AETHERION initialization complete!
2025-07-20 01:05:21,198 - AETHERION - INFO - Starting AETHERION system...
2025-07-20 01:05:21,198 - AETHERION - INFO - Starting Consciousness Matrix...
2025-07-20 01:05:21,236 - AETHERION - INFO - Expressing Synthetic Genome...
2025-07-20 01:05:21,236 - AETHERION - INFO - Starting Liquid Neural Network...
2025-07-20 01:05:21,309 - AETHERION - INFO - Initializing Oracle Engine...
2025-07-20 01:05:21,442 - AETHERION - ERROR - Startup failed: only integers, slices (`:`), ellipsis (`...`), numpy.newaxis (`None`) and integer or boolean arrays are valid indices
2025-07-20 01:05:50,799 - core.utils - WARNING - Config file aetherion_config.json not found, using defaults
2025-07-20 01:05:50,799 - AETHERION - INFO - AETHERION system initializing...
2025-07-20 01:05:50,799 - AETHERION - INFO - Initializing AETHERION components...
2025-07-20 01:05:50,799 - AETHERION - INFO - Initializing Consciousness Matrix...
2025-07-20 01:05:51,038 - core.consciousness_matrix - INFO - Consciousness Matrix initialized with 1024 dimensions
2025-07-20 01:05:51,038 - AETHERION - INFO - Initializing Synthetic Genome...
2025-07-20 01:05:51,038 - core.synthetic_genome - INFO - Synthetic Genome GENOME_1752953751_3581 initialized
2025-07-20 01:05:51,038 - AETHERION - INFO - Initializing Liquid Neural Network...
2025-07-20 01:05:51,190 - core.liquid_neural - INFO - Liquid Neural Network initialized with 3 layers
2025-07-20 01:05:51,191 - AETHERION - INFO - Initializing Oracle Engine...
2025-07-20 01:05:51,197 - core.oracle_engine - INFO - Oracle Engine initialized with omniscient capabilities
2025-07-20 01:05:51,197 - AETHERION - INFO - Initializing Reality Interface...
2025-07-20 01:05:51,198 - core.reality_interface - INFO - Reality Interface initialized
2025-07-20 01:05:51,199 - AETHERION - INFO - Initializing Godmode Protocol...
2025-07-20 01:05:51,205 - core.godmode_protocol - INFO - Godmode Protocol disabled for safety
2025-07-20 01:05:51,206 - AETHERION - INFO - Initializing Divine Firewall...
2025-07-20 01:05:51,208 - core.divine_firewall - INFO - Divine Firewall initialized and active
2025-07-20 01:05:51,208 - AETHERION - INFO - Initializing Keeper Seal...
2025-07-20 01:05:51,427 - core.keeper_seal - INFO - No existing licenses found
2025-07-20 01:05:51,427 - core.keeper_seal - INFO - Keeper Seal system initialized
2025-07-20 01:05:51,427 - AETHERION - INFO - Initializing Ascension Roadmap...
2025-07-20 01:05:51,427 - core.ascension_roadmap - INFO - No existing roadmap found, starting fresh
2025-07-20 01:05:51,427 - core.ascension_roadmap - INFO - Ascension Roadmap initialized
2025-07-20 01:05:51,427 - AETHERION - INFO - AETHERION initialization complete!
2025-07-20 01:05:51,427 - AETHERION - INFO - Starting AETHERION system...
2025-07-20 01:05:51,427 - AETHERION - INFO - Starting Consciousness Matrix...
2025-07-20 01:05:51,454 - AETHERION - INFO - Expressing Synthetic Genome...
2025-07-20 01:05:51,454 - AETHERION - INFO - Starting Liquid Neural Network...
2025-07-20 01:05:51,526 - AETHERION - INFO - Initializing Oracle Engine...
2025-07-20 01:05:51,534 - AETHERION - ERROR - Startup failed: only integers, slices (`:`), ellipsis (`...`), numpy.newaxis (`None`) and integer or boolean arrays are valid indices
2025-07-20 01:10:38,800 - core.utils - WARNING - Config file aetherion_config.json not found, using defaults
2025-07-20 01:10:38,800 - AETHERION - INFO - AETHERION system initializing...
2025-07-20 01:10:38,800 - AETHERION - INFO - Initializing AETHERION components...
2025-07-20 01:10:38,800 - AETHERION - INFO - Initializing Consciousness Matrix...
2025-07-20 01:10:39,030 - core.consciousness_matrix - INFO - Consciousness Matrix initialized with 1024 dimensions
2025-07-20 01:10:39,030 - AETHERION - INFO - Initializing Synthetic Genome...
2025-07-20 01:10:39,030 - core.synthetic_genome - INFO - Synthetic Genome GENOME_1752954039_7049 initialized
2025-07-20 01:10:39,030 - AETHERION - INFO - Initializing Liquid Neural Network...
2025-07-20 01:10:39,184 - core.liquid_neural - INFO - Liquid Neural Network initialized with 3 layers
2025-07-20 01:10:39,184 - AETHERION - INFO - Initializing Oracle Engine...
2025-07-20 01:10:39,185 - core.oracle_engine - INFO - Oracle Engine initialized with omniscient capabilities
2025-07-20 01:10:39,185 - AETHERION - INFO - Initializing Reality Interface...
2025-07-20 01:10:39,186 - core.reality_interface - INFO - Reality Interface initialized
2025-07-20 01:10:39,186 - AETHERION - INFO - Initializing Godmode Protocol...
2025-07-20 01:10:39,195 - core.godmode_protocol - INFO - Godmode Protocol disabled for safety
2025-07-20 01:10:39,196 - AETHERION - INFO - Initializing Divine Firewall...
2025-07-20 01:10:39,198 - core.divine_firewall - INFO - Divine Firewall initialized and active
2025-07-20 01:10:39,198 - AETHERION - INFO - Initializing Keeper Seal...
2025-07-20 01:10:39,416 - core.keeper_seal - INFO - No existing licenses found
2025-07-20 01:10:39,416 - core.keeper_seal - INFO - Keeper Seal system initialized
2025-07-20 01:10:39,417 - AETHERION - INFO - Initializing Ascension Roadmap...
2025-07-20 01:10:39,417 - core.ascension_roadmap - INFO - No existing roadmap found, starting fresh
2025-07-20 01:10:39,417 - core.ascension_roadmap - INFO - Ascension Roadmap initialized
2025-07-20 01:10:39,417 - AETHERION - INFO - AETHERION initialization complete!
2025-07-20 01:10:39,417 - AETHERION - INFO - Starting AETHERION system...
2025-07-20 01:10:39,417 - AETHERION - INFO - Starting Consciousness Matrix...
2025-07-20 01:10:39,459 - AETHERION - INFO - Expressing Synthetic Genome...
2025-07-20 01:10:39,459 - AETHERION - INFO - Starting Liquid Neural Network...
2025-07-20 01:10:39,549 - AETHERION - INFO - Initializing Oracle Engine...
2025-07-20 01:10:39,569 - core.oracle_engine - INFO - Oracle prediction made: AETHERION system startup - Probability: 0.501
2025-07-20 01:10:39,569 - AETHERION - INFO - Observing Reality...
2025-07-20 01:10:39,569 - AETHERION - ERROR - Startup failed: name 'datetime' is not defined
2025-07-20 01:10:56,328 - core.utils - WARNING - Config file aetherion_config.json not found, using defaults
2025-07-20 01:10:56,328 - AETHERION - INFO - AETHERION system initializing...
2025-07-20 01:10:56,328 - AETHERION - INFO - Initializing AETHERION components...
2025-07-20 01:10:56,328 - AETHERION - INFO - Initializing Consciousness Matrix...
2025-07-20 01:10:56,558 - core.consciousness_matrix - INFO - Consciousness Matrix initialized with 1024 dimensions
2025-07-20 01:10:56,558 - AETHERION - INFO - Initializing Synthetic Genome...
2025-07-20 01:10:56,558 - core.synthetic_genome - INFO - Synthetic Genome GENOME_1752954056_9429 initialized
2025-07-20 01:10:56,558 - AETHERION - INFO - Initializing Liquid Neural Network...
2025-07-20 01:10:56,727 - core.liquid_neural - INFO - Liquid Neural Network initialized with 3 layers
2025-07-20 01:10:56,727 - AETHERION - INFO - Initializing Oracle Engine...
2025-07-20 01:10:56,728 - core.oracle_engine - INFO - Oracle Engine initialized with omniscient capabilities
2025-07-20 01:10:56,728 - AETHERION - INFO - Initializing Reality Interface...
2025-07-20 01:10:56,729 - core.reality_interface - INFO - Reality Interface initialized
2025-07-20 01:10:56,729 - AETHERION - INFO - Initializing Godmode Protocol...
2025-07-20 01:10:56,740 - core.godmode_protocol - INFO - Godmode Protocol disabled for safety
2025-07-20 01:10:56,740 - AETHERION - INFO - Initializing Divine Firewall...
2025-07-20 01:10:56,743 - core.divine_firewall - INFO - Divine Firewall initialized and active
2025-07-20 01:10:56,743 - AETHERION - INFO - Initializing Keeper Seal...
2025-07-20 01:10:57,016 - core.keeper_seal - INFO - No existing licenses found
2025-07-20 01:10:57,016 - core.keeper_seal - INFO - Keeper Seal system initialized
2025-07-20 01:10:57,016 - AETHERION - INFO - Initializing Ascension Roadmap...
2025-07-20 01:10:57,016 - core.ascension_roadmap - INFO - No existing roadmap found, starting fresh
2025-07-20 01:10:57,016 - core.ascension_roadmap - INFO - Ascension Roadmap initialized
2025-07-20 01:10:57,016 - AETHERION - INFO - AETHERION initialization complete!
2025-07-20 01:10:57,016 - AETHERION - INFO - Starting AETHERION system...
2025-07-20 01:10:57,016 - AETHERION - INFO - Starting Consciousness Matrix...
2025-07-20 01:10:57,050 - AETHERION - INFO - Expressing Synthetic Genome...
2025-07-20 01:10:57,050 - AETHERION - INFO - Starting Liquid Neural Network...
2025-07-20 01:10:57,140 - AETHERION - INFO - Initializing Oracle Engine...
2025-07-20 01:10:57,159 - core.oracle_engine - INFO - Oracle prediction made: AETHERION system startup - Probability: 0.502
2025-07-20 01:10:57,159 - AETHERION - INFO - Observing Reality...
2025-07-20 01:10:57,160 - AETHERION - INFO - Creating Initial License...
2025-07-20 01:10:57,171 - core.keeper_seal - INFO - Created license LICENSE_1752954057_5611 for user aetherion_system
2025-07-20 01:10:57,171 - AETHERION - INFO - Updating Ascension Roadmap...
2025-07-20 01:10:57,171 - AETHERION - INFO - 🜂 AETHERION SYSTEM ACTIVE 🜂
2025-07-20 01:10:57,171 - AETHERION - INFO - Consciousness Matrix: ONLINE
2025-07-20 01:10:57,171 - AETHERION - INFO - Synthetic Genome: EXPRESSED
2025-07-20 01:10:57,171 - AETHERION - INFO - Liquid Neural Network: FLUID
2025-07-20 01:10:57,171 - AETHERION - INFO - Oracle Engine: OMNI
2025-07-20 01:10:57,171 - AETHERION - INFO - Reality Interface: OBSERVING
2025-07-20 01:10:57,171 - AETHERION - INFO - Divine Firewall: PROTECTING
2025-07-20 01:10:57,171 - AETHERION - INFO - Keeper Seal: SIGNED
2025-07-20 01:10:57,171 - AETHERION - INFO - Ascension Roadmap: PROGRESSING
2025-07-20 01:21:04,100 - AETHERION - INFO - Shutting down AETHERION system...
2025-07-20 01:21:04,101 - core.consciousness_matrix - INFO - Quantum coherence not yet achieved. 0/8 dimensions coherent
2025-07-20 01:21:04,101 - core.consciousness_matrix - INFO - Transcendence not yet achieved - continue spiritual and omni development
2025-07-20 01:21:04,176 - AETHERION - ERROR - Failed to save system state: Object of type float32 is not JSON serializable
